{"level":"ERROR","timestamp":"2020-01-19 14:49:11.305","file":"model/init.go:32","msg":"Database connection failed. Database name: go_web","data":{"error":"dial tcp 127.0.0.1:3366: connect: connection refused"}}
{"level":"INFO","timestamp":"2020-01-19 14:49:11.305","file":"model/init.go:35","msg":"Database connection succeeded. Database name: go_web"}
{"level":"ERROR","timestamp":"2020-01-19 14:49:11.305","file":"model/init.go:32","msg":"Database connection failed. Database name: go_web","data":{"error":"dial tcp 127.0.0.1:3366: connect: connection refused"}}
{"level":"INFO","timestamp":"2020-01-19 14:49:11.305","file":"model/init.go:35","msg":"Database connection succeeded. Database name: go_web"}
{"level":"INFO","timestamp":"2020-01-19 14:49:11.306","file":"go_mod_demo/main.go:56","msg":"Start to listening the incoming requests on http address: :8888"}
{"level":"INFO","timestamp":"2020-01-19 14:49:11.307","file":"go_mod_demo/main.go:53","msg":"The router has been deployed successfully."}
{"level":"INFO","timestamp":"2020-01-19 14:50:21.989","file":"config/config.go:53","msg":"Config file changed: /Users/hawei/Documents/go_project/go_mod_demo/conf/config.yaml"}
{"level":"INFO","timestamp":"2020-01-19 14:50:38.464","file":"model/init.go:35","msg":"Database connection succeeded. Database name: go_web"}
{"level":"INFO","timestamp":"2020-01-19 14:50:38.469","file":"model/init.go:35","msg":"Database connection succeeded. Database name: go_web"}
{"level":"INFO","timestamp":"2020-01-19 14:50:38.469","file":"go_mod_demo/main.go:56","msg":"Start to listening the incoming requests on http address: :8888"}
{"level":"INFO","timestamp":"2020-01-19 14:50:38.470","file":"go_mod_demo/main.go:53","msg":"The router has been deployed successfully."}
{"level":"INFO","timestamp":"2020-01-19 15:11:08.638","file":"model/init.go:35","msg":"Database connection succeeded. Database name: go_web"}
{"level":"INFO","timestamp":"2020-01-19 15:11:08.643","file":"model/init.go:35","msg":"Database connection succeeded. Database name: go_web"}
{"level":"INFO","timestamp":"2020-01-19 15:11:08.643","file":"go_mod_demo/main.go:56","msg":"Start to listening the incoming requests on http address: :8888"}
{"level":"INFO","timestamp":"2020-01-19 15:11:08.645","file":"go_mod_demo/main.go:53","msg":"The router has been deployed successfully."}
{"level":"INFO","timestamp":"2020-01-19 15:11:49.954","file":"config/config.go:53","msg":"Config file changed: /Users/hawei/Documents/go_project/go_mod_demo/conf/config.yaml"}
{"level":"INFO","timestamp":"2020-01-19 15:11:56.744","file":"model/init.go:35","msg":"Database connection succeeded. Database name: go_web"}
{"level":"INFO","timestamp":"2020-01-19 15:11:56.749","file":"model/init.go:35","msg":"Database connection succeeded. Database name: go_web"}
{"level":"INFO","timestamp":"2020-01-19 15:11:56.749","file":"go_mod_demo/main.go:56","msg":"Start to listening the incoming requests on http address: :8080"}
{"level":"INFO","timestamp":"2020-01-19 15:11:56.750","file":"go_mod_demo/main.go:53","msg":"The router has been deployed successfully."}
{"level":"DEBUG","timestamp":"2020-01-19 15:12:43.253","file":"user/create.go:23","msg":"Username is [admin], Password is []"}
{"level":"DEBUG","timestamp":"2020-01-19 15:12:45.243","file":"user/create.go:23","msg":"Username is [admin], Password is []"}
{"level":"DEBUG","timestamp":"2020-01-19 15:12:59.702","file":"user/create.go:23","msg":"Username is [admin], Password is [admin]"}
{"level":"DEBUG","timestamp":"2020-01-19 15:13:01.972","file":"user/create.go:23","msg":"Username is [admin], Password is [admin]"}
{"level":"DEBUG","timestamp":"2020-01-19 15:13:03.573","file":"user/create.go:23","msg":"Username is [admin], Password is [admin]"}
{"level":"DEBUG","timestamp":"2020-01-19 15:13:03.845","file":"user/create.go:23","msg":"Username is [admin], Password is [admin]"}
{"level":"DEBUG","timestamp":"2020-01-19 15:13:04.036","file":"user/create.go:23","msg":"Username is [admin], Password is [admin]"}
{"level":"DEBUG","timestamp":"2020-01-19 15:13:04.237","file":"user/create.go:23","msg":"Username is [admin], Password is [admin]"}
{"level":"DEBUG","timestamp":"2020-01-19 15:13:04.457","file":"user/create.go:23","msg":"Username is [admin], Password is [admin]"}
{"level":"DEBUG","timestamp":"2020-01-19 15:13:04.714","file":"user/create.go:23","msg":"Username is [admin], Password is [admin]"}
{"level":"DEBUG","timestamp":"2020-01-19 15:13:04.955","file":"user/create.go:23","msg":"Username is [admin], Password is [admin]"}
{"level":"DEBUG","timestamp":"2020-01-19 15:13:05.181","file":"user/create.go:23","msg":"Username is [admin], Password is [admin]"}
{"level":"DEBUG","timestamp":"2020-01-19 15:13:05.419","file":"user/create.go:23","msg":"Username is [admin], Password is [admin]"}
{"level":"DEBUG","timestamp":"2020-01-19 15:13:05.596","file":"user/create.go:23","msg":"Username is [admin], Password is [admin]"}
{"level":"DEBUG","timestamp":"2020-01-19 15:13:06.748","file":"user/create.go:23","msg":"Username is [admin], Password is [admin]"}
{"level":"DEBUG","timestamp":"2020-01-19 15:13:22.994","file":"user/create.go:23","msg":"Username is [hawei], Password is [admin]"}
{"level":"DEBUG","timestamp":"2020-01-19 15:13:39.636","file":"user/create.go:23","msg":"Username is [hawei], Password is [admin]"}
{"level":"DEBUG","timestamp":"2020-01-19 15:13:40.146","file":"user/create.go:23","msg":"Username is [hawei], Password is [admin]"}
{"level":"DEBUG","timestamp":"2020-01-19 15:13:40.593","file":"user/create.go:23","msg":"Username is [hawei], Password is [admin]"}
{"level":"DEBUG","timestamp":"2020-01-19 15:13:40.838","file":"user/create.go:23","msg":"Username is [hawei], Password is [admin]"}
{"level":"DEBUG","timestamp":"2020-01-19 15:13:41.081","file":"user/create.go:23","msg":"Username is [hawei], Password is [admin]"}
{"level":"INFO","timestamp":"2020-01-19 15:37:06.178","file":"model/init.go:35","msg":"Database connection succeeded. Database name: go_web"}
{"level":"INFO","timestamp":"2020-01-19 15:37:06.182","file":"model/init.go:35","msg":"Database connection succeeded. Database name: go_web"}
{"level":"INFO","timestamp":"2020-01-19 15:37:06.182","file":"go_mod_demo/main.go:56","msg":"Start to listening the incoming requests on http address: :8080"}
{"level":"INFO","timestamp":"2020-01-19 15:37:06.183","file":"go_mod_demo/main.go:53","msg":"The router has been deployed successfully."}
{"level":"INFO","timestamp":"2020-01-19 15:39:04.791","file":"model/init.go:35","msg":"Database connection succeeded. Database name: go_web"}
{"level":"INFO","timestamp":"2020-01-19 15:39:04.796","file":"model/init.go:35","msg":"Database connection succeeded. Database name: go_web"}
{"level":"INFO","timestamp":"2020-01-19 15:39:04.796","file":"go_mod_demo/main.go:56","msg":"Start to listening the incoming requests on http address: :8080"}
{"level":"INFO","timestamp":"2020-01-19 15:39:04.797","file":"go_mod_demo/main.go:53","msg":"The router has been deployed successfully."}
{"level":"INFO","timestamp":"2020-01-19 15:39:34.822","file":"user/create.go:22","msg":"URL username: admin2"}
{"level":"INFO","timestamp":"2020-01-19 15:39:34.822","file":"user/create.go:25","msg":"URL key param desc: test"}
{"level":"INFO","timestamp":"2020-01-19 15:39:34.822","file":"user/create.go:28","msg":"Header Content-Type: application/json"}
{"level":"DEBUG","timestamp":"2020-01-19 15:39:34.822","file":"user/create.go:30","msg":"username is: [admin], password is [admin]"}
{"level":"INFO","timestamp":"2020-01-19 16:51:07.281","file":"model/init.go:35","msg":"Database connection succeeded. Database name: go_web"}
{"level":"INFO","timestamp":"2020-01-19 16:51:07.285","file":"model/init.go:35","msg":"Database connection succeeded. Database name: go_web"}
{"level":"INFO","timestamp":"2020-01-19 16:51:07.285","file":"go_mod_demo/main.go:56","msg":"Start to listening the incoming requests on http address: :8080"}
{"level":"INFO","timestamp":"2020-01-19 16:51:07.286","file":"go_mod_demo/main.go:53","msg":"The router has been deployed successfully."}
{"level":"INFO","timestamp":"2020-01-19 16:54:37.670","file":"model/init.go:35","msg":"Database connection succeeded. Database name: go_web"}
{"level":"INFO","timestamp":"2020-01-19 16:54:37.674","file":"model/init.go:35","msg":"Database connection succeeded. Database name: go_web"}
{"level":"INFO","timestamp":"2020-01-19 16:54:37.674","file":"go_mod_demo/main.go:56","msg":"Start to listening the incoming requests on http address: :8080"}
{"level":"INFO","timestamp":"2020-01-19 16:54:37.676","file":"go_mod_demo/main.go:53","msg":"The router has been deployed successfully."}
{"level":"INFO","timestamp":"2020-01-19 16:54:59.825","file":"user/create.go:15","msg":"User Create function called.","data":{"X-Request-Id":""}}
{"level":"INFO","timestamp":"2020-01-19 16:55:01.377","file":"user/create.go:15","msg":"User Create function called.","data":{"X-Request-Id":""}}
{"level":"INFO","timestamp":"2020-01-19 16:55:01.580","file":"user/create.go:15","msg":"User Create function called.","data":{"X-Request-Id":""}}
{"level":"INFO","timestamp":"2020-01-19 16:55:01.946","file":"user/create.go:15","msg":"User Create function called.","data":{"X-Request-Id":""}}
{"level":"INFO","timestamp":"2020-01-19 16:55:02.164","file":"user/create.go:15","msg":"User Create function called.","data":{"X-Request-Id":""}}
{"level":"INFO","timestamp":"2020-01-19 16:55:02.388","file":"user/create.go:15","msg":"User Create function called.","data":{"X-Request-Id":""}}
{"level":"INFO","timestamp":"2020-01-19 16:55:15.163","file":"user/create.go:15","msg":"User Create function called.","data":{"X-Request-Id":""}}
{"level":"INFO","timestamp":"2020-01-19 16:55:15.343","file":"user/create.go:15","msg":"User Create function called.","data":{"X-Request-Id":""}}
{"level":"INFO","timestamp":"2020-01-19 16:55:15.514","file":"user/create.go:15","msg":"User Create function called.","data":{"X-Request-Id":""}}
{"level":"INFO","timestamp":"2020-01-19 16:55:15.676","file":"user/create.go:15","msg":"User Create function called.","data":{"X-Request-Id":""}}
{"level":"INFO","timestamp":"2020-01-19 16:55:24.340","file":"user/create.go:15","msg":"User Create function called.","data":{"X-Request-Id":""}}
{"level":"INFO","timestamp":"2020-01-19 16:55:25.028","file":"user/create.go:15","msg":"User Create function called.","data":{"X-Request-Id":""}}
{"level":"INFO","timestamp":"2020-01-19 16:55:25.424","file":"user/create.go:15","msg":"User Create function called.","data":{"X-Request-Id":""}}
{"level":"INFO","timestamp":"2020-01-19 16:55:25.627","file":"user/create.go:15","msg":"User Create function called.","data":{"X-Request-Id":""}}
{"level":"INFO","timestamp":"2020-01-19 16:55:25.811","file":"user/create.go:15","msg":"User Create function called.","data":{"X-Request-Id":""}}
{"level":"INFO","timestamp":"2020-01-19 16:55:25.982","file":"user/create.go:15","msg":"User Create function called.","data":{"X-Request-Id":""}}
{"level":"INFO","timestamp":"2020-01-19 16:55:26.132","file":"user/create.go:15","msg":"User Create function called.","data":{"X-Request-Id":""}}
{"level":"INFO","timestamp":"2020-01-19 16:59:01.592","file":"user/update.go:17","msg":"Update function called.","data":{"X-Request-Id":""}}
{"level":"INFO","timestamp":"2020-01-19 16:59:09.324","file":"user/update.go:17","msg":"Update function called.","data":{"X-Request-Id":""}}
{"level":"INFO","timestamp":"2020-01-19 17:01:18.285","file":"user/update.go:17","msg":"Update function called.","data":{"X-Request-Id":""}}
{"level":"INFO","timestamp":"2020-01-19 17:02:36.740","file":"user/create.go:15","msg":"User Create function called.","data":{"X-Request-Id":""}}
{"level":"INFO","timestamp":"2020-01-19 17:02:41.092","file":"user/create.go:15","msg":"User Create function called.","data":{"X-Request-Id":""}}
{"level":"INFO","timestamp":"2020-01-19 17:03:24.115","file":"user/create.go:15","msg":"User Create function called.","data":{"X-Request-Id":""}}
